<?xml version="1.0" encoding="UTF-8"?>
<!-- Generated by org.testng.reporters.JUnitReportReporter -->
<testsuite hostname="DESKTOP-UID2B5J" failures="0" tests="1" name="regressiontest.propertiesNewTest" time="0.178" errors="0" timestamp="2021-11-28T11:20:04 EST" skipped="0">
  <testcase classname="regressiontest.propertiesNewTest" name="f" time="0.178"/>
  <system-out/>
</testsuite> <!-- regressiontest.propertiesNewTest -->
