<?xml version="1.0" encoding="UTF-8"?>
<!-- Generated by org.testng.reporters.JUnitReportReporter -->
<testsuite hostname="DESKTOP-UID2B5J" failures="0" tests="2" name="regressiontest.dpNewTest" time="34.150" errors="0" timestamp="2021-11-27T14:09:18 EST" skipped="0">
  <testcase classname="regressiontest.dpNewTest" name="f" time="9.673"/>
  <system-out/>
  <testcase classname="regressiontest.dpNewTest" name="f" time="24.477"/>
  <system-out/>
</testsuite> <!-- regressiontest.dpNewTest -->
