<?xml version="1.0" encoding="UTF-8"?>
<!-- Generated by org.testng.reporters.JUnitReportReporter -->
<testsuite hostname="DESKTOP-UID2B5J" failures="0" tests="1" name="regressiontest.NewTest" time="0.426" errors="0" timestamp="2021-11-28T11:53:12 EST" skipped="0">
  <testcase classname="regressiontest.NewTest" name="f" time="0.426"/>
  <system-out/>
</testsuite> <!-- regressiontest.NewTest -->
